[info   ] [FileManager]: Data files will be fetched from: '/usr/share/supertuxkart/data/'
[info   ] [FileManager]: User directory is '/home/kai/.config/supertuxkart/config-0.10/'.
[info   ] [FileManager]: Addons files will be stored in '/home/kai/.local/share/supertuxkart/addons/'.
[info   ] [FileManager]: Screenshots will be stored in '/home/kai/.local/share/supertuxkart/screenshots/'.
[info   ] [FileManager]: User-defined grand prix will be stored in '/home/kai/.local/share/supertuxkart/grandprix/'.
[info   ] [FileManager]: Asset 0 will be loaded from '/usr/share/supertuxkart/data/challenges/'.
[info   ] [FileManager]: Asset 1 will be loaded from '/usr/share/supertuxkart/data/gfx/'.
[info   ] [FileManager]: Asset 2 will be loaded from '/usr/share/supertuxkart/data/grandprix/'.
[info   ] [FileManager]: Asset 3 will be loaded from '/usr/share/supertuxkart/data/gui/icons/'.
[info   ] [FileManager]: Asset 4 will be loaded from '/usr/share/supertuxkart/data/gui/screens/'.
[info   ] [FileManager]: Asset 5 will be loaded from '/usr/share/supertuxkart/data/gui/dialogs/'.
[info   ] [FileManager]: Asset 6 will be loaded from '/usr/share/supertuxkart/data/replay/'.
[info   ] [FileManager]: Asset 7 will be loaded from '/usr/share/supertuxkart/data/shaders/'.
[info   ] [FileManager]: Asset 8 will be loaded from '/usr/share/supertuxkart/data/skins/'.
[info   ] [FileManager]: Asset 9 will be loaded from '/usr/share/supertuxkart/data/ttf/'.
[info   ] [FileManager]: Asset 10 will be loaded from '/usr/share/supertuxkart/data/po/'.
[info   ] [FileManager]: Asset 11 will be loaded from '/usr/share/supertuxkart/data/library/'.
[info   ] [FileManager]: Asset 12 will be loaded from '/usr/share/supertuxkart/data/models/'.
[info   ] [FileManager]: Asset 13 will be loaded from '/usr/share/supertuxkart/data/music/'.
[info   ] [FileManager]: Asset 14 will be loaded from '/usr/share/supertuxkart/data/sfx/'.
[info   ] [FileManager]: Asset 15 will be loaded from '/usr/share/supertuxkart/data/textures/'.
[info   ] [FileManager]: Asset 16 will be loaded from '/usr/share/supertuxkart/data/tracks/'.
[verbose  ] translation: Env var LANGUAGE = 'en_CA.UTF-8'.
[verbose  ] translation: Language 'English (Canada)'.
[info   ] [IrrDriver Logger]: ..:: Antarctica Rendering Engine 2.0 ::..
[info   ] [IrrDriver Logger]: Compiled SDL Version 2.32.56
[info   ] [IrrDriver Logger]: Current SDL Version 2.32.56
[info   ] [IrrDriver Logger]: Using renderer: OpenGL 4.6
[info   ] [IrrDriver Logger]: Mesa Intel(R) Iris(R) Xe Graphics (RPL-P): Intel
[info   ] [IrrDriver Logger]: OpenGL driver version is 1.2 or better.
[info   ] [IrrDriver Logger]: GLSL version: 4.6
[info   ] IrrDriver: OpenGL version: 4.6
[info   ] IrrDriver: OpenGL vendor: Intel
[info   ] IrrDriver: OpenGL renderer: Mesa Intel(R) Iris(R) Xe Graphics (RPL-P)
[info   ] IrrDriver: OpenGL version string: 4.6 (Core Profile) Mesa 25.3.4
[info   ] GLDriver: ARB Buffer Storage Present
[info   ] GLDriver: ARB Compute Shader Present
[info   ] GLDriver: ARB Arrays of Arrays Present
[info   ] GLDriver: ARB Texture Storage Present
[info   ] GLDriver: ARB Texture View Present
[info   ] GLDriver: ARB Image Load Store Present
[info   ] GLDriver: ARB Shader Atomic Counters Present
[info   ] GLDriver: ARB Shader Storage Buffer Object Present
[info   ] GLDriver: EXT Texture Compression S3TC Present
[info   ] GLDriver: ARB Uniform Buffer Object Present
[info   ] GLDriver: ARB Explicit Attrib Location Present
[info   ] GLDriver: EXT Texture Filter Anisotropic Present
[info   ] GLDriver: Geometry Shaders Present
[info   ] GLDriver: ARB Texture Buffer Object Present
[info   ] GLDriver: ARB Texture Swizzle Present
[info   ] GLDriver: ARB Pixel Buffer Object Present
[info   ] GLDriver: ARB Sampler Objects Present
[info   ] GLDriver: ARB Vertex Type 2_10_10_10_rev Present
[info   ] GLDriver: ARB Instanced Arrays Present
[info   ] SharedGPUObjects: Hardware Skinning enabled, method: TBO, max bones: 2048
[info   ] ShaderFilesManager: Compiling shader: /usr/share/supertuxkart/data/shaders/screenquad.vert
[info   ] ShaderFilesManager: Compiling shader: /usr/share/supertuxkart/data/shaders/motion_blur.frag
[info   ] ShaderFilesManager: Compiling shader: /usr/share/supertuxkart/data/shaders/lightning.frag
[info   ] ShaderFilesManager: Compiling shader: /usr/share/supertuxkart/data/shaders/primitive2dlist.vert
[info   ] ShaderFilesManager: Compiling shader: /usr/share/supertuxkart/data/shaders/transparent.frag
[info   ] ShaderFilesManager: Compiling shader: /usr/share/supertuxkart/data/shaders/texturedquad.vert
[info   ] ShaderFilesManager: Compiling shader: /usr/share/supertuxkart/data/shaders/uniformcolortexturedquad.frag
[info   ] ShaderFilesManager: Compiling shader: /usr/share/supertuxkart/data/shaders/texturedquad.frag
[info   ] ShaderFilesManager: Compiling shader: /usr/share/supertuxkart/data/shaders/coloredquad.vert
[info   ] ShaderFilesManager: Compiling shader: /usr/share/supertuxkart/data/shaders/coloredquad.frag
[info   ] ShaderFilesManager: Compiling shader: /usr/share/supertuxkart/data/shaders/colortexturedquad.vert
[info   ] ShaderFilesManager: Compiling shader: /usr/share/supertuxkart/data/shaders/colortexturedquad.frag
[info   ] irr_driver: GLSL supported.
[info   ] GUI: Loading skin data from file: /usr/share/supertuxkart/data/skins/classic/stkskin.xml
[info   ] ShaderFilesManager: Compiling shader: /usr/share/supertuxkart/data/shaders/sp_pass.vert
[info   ] ShaderFilesManager: Compiling shader: /usr/share/supertuxkart/data/shaders/sp_solid.frag
[info   ] ShaderFilesManager: Compiling shader: /usr/share/supertuxkart/data/shaders/sp_shadow.vert
[info   ] ShaderFilesManager: Compiling shader: /usr/share/supertuxkart/data/shaders/white.frag
[info   ] ShaderFilesManager: Compiling shader: /usr/share/supertuxkart/data/shaders/sp_skinning.vert
[info   ] ShaderFilesManager: Compiling shader: /usr/share/supertuxkart/data/shaders/sp_skinning_shadow.vert
[info   ] ShaderFilesManager: Compiling shader: /usr/share/supertuxkart/data/shaders/sp_normal_map.frag
[info   ] ShaderFilesManager: Compiling shader: /usr/share/supertuxkart/data/shaders/sp_alpha_test.frag
[info   ] ShaderFilesManager: Compiling shader: /usr/share/supertuxkart/data/shaders/sp_shadow_alpha_test.frag
[info   ] ShaderFilesManager: Compiling shader: /usr/share/supertuxkart/data/shaders/sp_decal.frag
[info   ] ShaderFilesManager: Compiling shader: /usr/share/supertuxkart/data/shaders/sp_grass_pass.vert
[info   ] ShaderFilesManager: Compiling shader: /usr/share/supertuxkart/data/shaders/sp_grass.frag
[info   ] ShaderFilesManager: Compiling shader: /usr/share/supertuxkart/data/shaders/sp_grass_shadow.vert
[info   ] ShaderFilesManager: Compiling shader: /usr/share/supertuxkart/data/shaders/sp_unlit.frag
[info   ] ShaderFilesManager: Compiling shader: /usr/share/supertuxkart/data/shaders/sp_transparent.frag
[info   ] ShaderFilesManager: Compiling shader: /usr/share/supertuxkart/data/shaders/sp_ghost.frag
[info   ] ShaderFilesManager: Compiling shader: /usr/share/supertuxkart/data/shaders/sp_dynamic_night_bloom.frag
[info   ] ShaderFilesManager: Compiling shader: /usr/share/supertuxkart/data/shaders/sp_tilling_mitigation.frag
[info   ] ShaderFilesManager: Compiling shader: /usr/share/supertuxkart/data/shaders/sp_vertical_mapping.frag
[info   ] ShaderFilesManager: Compiling shader: /usr/share/supertuxkart/data/shaders/sp_road_blending.frag
[info   ] ShaderFilesManager: Compiling shader: /usr/share/supertuxkart/data/shaders/sp_displace_ssr.frag
[info   ] ShaderFilesManager: Compiling shader: /usr/share/supertuxkart/data/shaders/sp_displace.frag
[info   ] ShaderFilesManager: Compiling shader: /usr/share/supertuxkart/data/shaders/colorize.frag
[info   ] ShaderFilesManager: Compiling shader: /usr/share/supertuxkart/data/shaders/sp_normal_visualizer.vert
[info   ] ShaderFilesManager: Compiling shader: /usr/share/supertuxkart/data/shaders/sp_normal_visualizer.geom
[info   ] ShaderFilesManager: Compiling shader: /usr/share/supertuxkart/data/shaders/sp_normal_visualizer.frag
[info   ] HTTPRequest: Downloading https://online.supertuxkart.net/dl/xml/online_news.xml
[error  ] SFXBuffer: Positional audio is not supported with stereo files, but /usr/share/supertuxkart/data/sfx/WilhelmScream.ogg is stereo
[error  ] SFXBuffer: Positional audio is not supported with stereo files, but /usr/share/supertuxkart/data/sfx/car_revup.ogg is stereo
[error  ] HTTPRequest: Request failed with error code 35: SSL connect error
[info   ] HTTPRequest: Downloading https://online.supertuxkart.net/dl/xml/online_news.xml
[error  ] HTTPRequest: Request failed with error code 35: SSL connect error
[error  ] news: Error downloading news: 'SSL connect error'.
[info   ] addons: Using cached addons.xml.
[info   ] GrandPrixManager: Loading Grand Prix files from /usr/share/supertuxkart/data/grandprix/
[info   ] GrandPrixManager: Loading Grand Prix files from /home/kai/.local/share/supertuxkart/grandprix/
[warn   ] Material: Missing container id for gnu_accessories.png, no texture compression for it will be done.
[warn   ] SPMeshBuffer: kartDirt shader is missing, fallback to solid
[warn   ] SPMeshBuffer: kartDirt shader is missing, fallback to solid
[warn   ] SPMeshBuffer: kartDirt shader is missing, fallback to solid
[warn   ] SPMeshBuffer: kartDirt shader is missing, fallback to solid
[warn   ] SPMeshBuffer: kartDirt shader is missing, fallback to solid
[warn   ] Material: Missing container id for Pepper_lamp_diff.png, no texture compression for it will be done.
[warn   ] LayoutManager: Statically sized widgets took all the place!!
[verbose  ] RaceManager: Nb of karts=1, ghost karts:0 ai:0 players:1

[info   ] ShaderFilesManager: Compiling shader: /usr/share/supertuxkart/data/tracks/overworld/splatting.frag
[info   ] ShaderFilesManager: Compiling shader: /usr/share/supertuxkart/data/shaders/simple_particle.vert
[info   ] ShaderFilesManager: Compiling shader: /usr/share/supertuxkart/data/shaders/simple_particle.frag
[info   ] ShaderFilesManager: Compiling shader: /usr/share/supertuxkart/data/shaders/alphatest_particle.vert
[info   ] ShaderFilesManager: Compiling shader: /usr/share/supertuxkart/data/shaders/alphatest_particle.frag
[info   ] ShaderFilesManager: Compiling shader: /usr/share/supertuxkart/data/shaders/degraded_ibl.frag
[info   ] ShaderFilesManager: Compiling shader: /usr/share/supertuxkart/data/shaders/sunlight.frag
[info   ] ShaderFilesManager: Compiling shader: /usr/share/supertuxkart/data/shaders/pointlight.vert
[info   ] ShaderFilesManager: Compiling shader: /usr/share/supertuxkart/data/shaders/pointlight.frag
[info   ] ShaderFilesManager: Compiling shader: /usr/share/supertuxkart/data/shaders/combine_diffuse_color.frag
[info   ] ShaderFilesManager: Compiling shader: /usr/share/supertuxkart/data/shaders/tonemap.frag
[warn   ] Material: Cannot determine texture full path: metaldirt_diff.png
[warn   ] AnimTexture: Did not find animate texture 'lava.png'
[warn   ] Material: Missing container id for mathclass.jpg, no texture compression for it will be done.
[warn   ] Material: Missing container id for screenshot.jpg, no texture compression for it will be done.
[warn   ] Material: Missing container id for screenshot.jpg, no texture compression for it will be done.
[warn   ] Material: Missing container id for screenshot_paradiso.png, no texture compression for it will be done.
[warn   ] Material: Missing container id for screenshot.jpg, no texture compression for it will be done.
[warn   ] Material: Missing container id for sshot-scotland.jpg, no texture compression for it will be done.
[warn   ] Material: Missing container id for screenshot.jpg, no texture compression for it will be done.
[warn   ] Material: Missing container id for sshot-sandtrack.jpg, no texture compression for it will be done.
[warn   ] Material: Missing container id for sshot-hacienda.jpg, no texture compression for it will be done.
[warn   ] Material: Missing container id for test_track_postcard.png, no texture compression for it will be done.
[warn   ] Material: Missing container id for screenshot.jpg, no texture compression for it will be done.
[warn   ] Material: Missing container id for minigolf.jpg, no texture compression for it will be done.
[warn   ] Material: Missing container id for sshot.jpg, no texture compression for it will be done.
[warn   ] Material: Missing container id for sshot-mines.jpg, no texture compression for it will be done.
[warn   ] Material: Missing container id for bild.png, no texture compression for it will be done.
[warn   ] Material: Missing container id for sshot-mountain.jpg, no texture compression for it will be done.
[warn   ] Material: Missing container id for screenshot.jpg, no texture compression for it will be done.
[warn   ] Material: Missing container id for sshot-snowtuxpeak.jpg, no texture compression for it will be done.
[warn   ] Material: Missing container id for sshot.jpg, no texture compression for it will be done.
[warn   ] Material: Missing container id for sshot-marstrack.jpg, no texture compression for it will be done.
[warn   ] Material: Missing container id for screenshot.png, no texture compression for it will be done.
[info   ] Track: Overall scene complexity estimated at 260, Auto-LoD multiplier is 2.082897
[info   ] Script: allchallenges: unlocked_challenges=1, challenges=26
[info   ] Script: allchallenges: unlocked_challenges=1, challenges=26
[info   ] Script: allchallenges: unlocked_challenges=1, challenges=26
[info   ] Script: allchallenges: unlocked_challenges=1, challenges=26
[info   ] ShaderFilesManager: Compiling shader: /usr/share/supertuxkart/data/shaders/importance_sampling_specular.frag
[info   ] ShaderFilesManager: Compiling shader: /usr/share/supertuxkart/data/shaders/sky.vert
[info   ] ShaderFilesManager: Compiling shader: /usr/share/supertuxkart/data/shaders/sky.frag
[info   ] ShaderFilesManager: Compiling shader: /usr/share/supertuxkart/data/shaders/passthrough.frag
[info   ] ShaderFilesManager: Compiling shader: /usr/share/supertuxkart/data/shaders/sp_text_billboard.frag
[warn   ] SFXManager: Throttling sfx - queue size 41
[warn   ] SFXManager: Throttling sfx - queue size 41
[warn   ] SFXManager: Throttling sfx - queue size 42
[warn   ] SFXManager: Throttling sfx - queue size 42
[warn   ] SFXManager: Throttling sfx - queue size 42
[info   ] Script: onForceFieldKartCollision
[info   ] Script: onForceFieldKartCollision
[info   ] Script: onForceFieldKartCollision
[info   ] Script: onForceFieldKartCollision
[info   ] Script: onForceFieldKartCollision
[info   ] Script: onForceFieldKartCollision
[info   ] Script: onForceFieldKartCollision
[info   ] Script: onForceFieldKartCollision
[info   ] Script: onForceFieldKartCollision
[info   ] Script: onForceFieldKartCollision
[info   ] Script: onForceFieldKartCollision
[info   ] Script: onForceFieldKartCollision
[info   ] Script: onForceFieldKartCollision
[info   ] Script: onForceFieldKartCollision
[info   ] Script: onForceFieldKartCollision
[info   ] Script: onForceFieldKartCollision
[info   ] Script: onForceFieldKartCollision
[info   ] Script: onForceFieldKartCollision
[info   ] Script: onForceFieldKartCollision
[info   ] Script: onForceFieldKartCollision
[info   ] Script: onForceFieldKartCollision
[info   ] Script: onForceFieldKartCollision
[info   ] Script: onForceFieldKartCollision
[info   ] Singleton: Destroyed singleton.
[info   ] Singleton: Destroyed singleton.
[verbose  ] RaceManager: Nb of karts=6, ghost karts:0 ai:5 players:1

[info   ] [FileManager]: Creating directory(ies) '/home/kai/.cache/supertuxkart/cached-textures/hd/tracks/ravenbridge_mansion'
[info   ] FileManager: Creating directory '/home/kai/.cache/supertuxkart/cached-textures/hd/tracks/ravenbridge_mansion/'.
[info   ] [FileManager]: Creating directory(ies) '/home/kai/.cache/supertuxkart/cached-textures/hd/library/stklib_gramophone_a'
[info   ] FileManager: Creating directory '/home/kai/.cache/supertuxkart/cached-textures/hd/library/stklib_gramophone_a/'.
[info   ] [FileManager]: Creating directory(ies) '/home/kai/.cache/supertuxkart/cached-textures/hd/library/stklib_oldLantern_a'
[info   ] FileManager: Creating directory '/home/kai/.cache/supertuxkart/cached-textures/hd/library/stklib_oldLantern_a/'.
[info   ] Track: Overall scene complexity estimated at 757, Auto-LoD multiplier is 1.298867
[info   ] Singleton: Destroyed singleton.
[info   ] Singleton: Destroyed singleton.
[verbose  ] RaceManager: Nb of karts=0, ghost karts:0 ai:0 players:0

[info   ] [FileManager]: Creating directory(ies) '/home/kai/.cache/supertuxkart/cached-textures/hd/tracks/featunlocked'
[info   ] FileManager: Creating directory '/home/kai/.cache/supertuxkart/cached-textures/hd/tracks/featunlocked/'.
[warn   ] AnimTexture: Did not find animate texture 'seagloss.png'
[info   ] Track: Overall scene complexity estimated at 12, Auto-LoD multiplier is 3.286335
[info   ] Singleton: Destroyed singleton.
[info   ] Singleton: Destroyed singleton.
[verbose  ] RaceManager: Nb of karts=1, ghost karts:0 ai:0 players:1

[info   ] ShaderFilesManager: Compiling shader: /usr/share/supertuxkart/data/tracks/overworld/splatting.frag
[warn   ] AnimTexture: Did not find animate texture 'lava.png'
[info   ] Track: Overall scene complexity estimated at 260, Auto-LoD multiplier is 2.082897
[info   ] Script: allchallenges: unlocked_challenges=2, challenges=26
[info   ] Script: allchallenges: unlocked_challenges=2, challenges=26
[info   ] Script: allchallenges: unlocked_challenges=2, challenges=26
[info   ] Script: allchallenges: unlocked_challenges=2, challenges=26
[info   ] Singleton: Destroyed singleton.
[info   ] Singleton: Destroyed singleton.
[verbose  ] RaceManager: Nb of karts=5, ghost karts:0 ai:4 players:1

[info   ] [FileManager]: Creating directory(ies) '/home/kai/.cache/supertuxkart/cached-textures/hd/tracks/abyss'
[info   ] FileManager: Creating directory '/home/kai/.cache/supertuxkart/cached-textures/hd/tracks/abyss/'.
[info   ] Track: Overall scene complexity estimated at 422, Auto-LoD multiplier is 1.669776
[warn   ] SFX: Position called on non-positional SFX
[warn   ] SFX: Position called on non-positional SFX
[warn   ] SFX: Position called on non-positional SFX
[warn   ] SFX: Position called on non-positional SFX
[warn   ] SFX: Position called on non-positional SFX
[warn   ] SFX: Position called on non-positional SFX
[warn   ] SFX: Position called on non-positional SFX
[info   ] Singleton: Destroyed singleton.
[info   ] Singleton: Destroyed singleton.
[verbose  ] RaceManager: Nb of karts=0, ghost karts:0 ai:0 players:0

[warn   ] AnimTexture: Did not find animate texture 'seagloss.png'
[info   ] Track: Overall scene complexity estimated at 12, Auto-LoD multiplier is 3.286335
[info   ] Singleton: Destroyed singleton.
[info   ] Singleton: Destroyed singleton.
[verbose  ] RaceManager: Nb of karts=1, ghost karts:0 ai:0 players:1

[info   ] ShaderFilesManager: Compiling shader: /usr/share/supertuxkart/data/tracks/overworld/splatting.frag
[warn   ] AnimTexture: Did not find animate texture 'lava.png'
[info   ] Track: Overall scene complexity estimated at 260, Auto-LoD multiplier is 2.082897
[info   ] Script: allchallenges: unlocked_challenges=3, challenges=26
[info   ] Script: allchallenges: unlocked_challenges=3, challenges=26
[info   ] Script: allchallenges: unlocked_challenges=3, challenges=26
[info   ] Script: allchallenges: unlocked_challenges=3, challenges=26
[info   ] Singleton: Destroyed singleton.
[info   ] Singleton: Destroyed singleton.
[verbose  ] RaceManager: Nb of karts=5, ghost karts:0 ai:4 players:1

[info   ] [FileManager]: Creating directory(ies) '/home/kai/.cache/supertuxkart/cached-textures/hd/tracks/scotland'
[info   ] FileManager: Creating directory '/home/kai/.cache/supertuxkart/cached-textures/hd/tracks/scotland/'.
[info   ] [FileManager]: Creating directory(ies) '/home/kai/.cache/supertuxkart/cached-textures/hd/library/stklib_kiki_a'
[info   ] FileManager: Creating directory '/home/kai/.cache/supertuxkart/cached-textures/hd/library/stklib_kiki_a/'.
[info   ] [FileManager]: Creating directory(ies) '/home/kai/.cache/supertuxkart/cached-textures/hd/library/stklib_wilbertSecurity_a'
[info   ] FileManager: Creating directory '/home/kai/.cache/supertuxkart/cached-textures/hd/library/stklib_wilbertSecurity_a/'.
[info   ] Track: Overall scene complexity estimated at 154, Auto-LoD multiplier is 2.667992
